2023.10.05 22:10:24 INFO  Started: Metals version 1.0.1 in folders 'C:\Users\moham\OneDrive\Bureau\symphony\Atelier4' for client Visual Studio Code 1.83.0.
oct. 05, 2023 10:10:25 PM org.flywaydb.core.internal.license.VersionPrinter printVersionOnly
INFOS: Flyway Community Edition 9.21.2 by Redgate
oct. 05, 2023 10:10:25 PM org.flywaydb.core.internal.license.VersionPrinter printVersion
INFOS: See release notes here: https://rd.gt/416ObMi
oct. 05, 2023 10:10:25 PM org.flywaydb.core.internal.license.VersionPrinter printVersion
INFOS: 
oct. 05, 2023 10:10:25 PM org.flywaydb.core.FlywayExecutor execute
INFOS: Database: jdbc:h2:file:C:\Users\moham\OneDrive\Bureau\symphony\Atelier4\.metals\metals (H2 2.1)
oct. 05, 2023 10:10:25 PM org.flywaydb.core.internal.schemahistory.JdbcTableSchemaHistory allAppliedMigrations
INFOS: Schema history table "PUBLIC"."flyway_schema_history" does not exist yet
oct. 05, 2023 10:10:25 PM org.flywaydb.core.internal.command.DbValidate validate
INFOS: Successfully validated 4 migrations (execution time 00:00.018s)
oct. 05, 2023 10:10:25 PM org.flywaydb.core.internal.schemahistory.JdbcTableSchemaHistory create
INFOS: Creating Schema History table "PUBLIC"."flyway_schema_history" ...
oct. 05, 2023 10:10:25 PM org.flywaydb.core.internal.command.DbMigrate migrateGroup
INFOS: Current version of schema "PUBLIC": << Empty Schema >>
oct. 05, 2023 10:10:25 PM org.flywaydb.core.internal.command.DbMigrate doMigrateGroup
INFOS: Migrating schema "PUBLIC" to version "1 - Create tables"
oct. 05, 2023 10:10:25 PM org.flywaydb.core.internal.command.DbMigrate doMigrateGroup
INFOS: Migrating schema "PUBLIC" to version "2 - Server discovery"
oct. 05, 2023 10:10:25 PM org.flywaydb.core.internal.command.DbMigrate doMigrateGroup
INFOS: Migrating schema "PUBLIC" to version "3 - Jar symbols"
oct. 05, 2023 10:10:25 PM org.flywaydb.core.internal.command.DbMigrate doMigrateGroup
INFOS: Migrating schema "PUBLIC" to version "4 - Fingerprints"
oct. 05, 2023 10:10:25 PM org.flywaydb.core.internal.command.DbMigrate logSummary
INFOS: Successfully applied 4 migrations to schema "PUBLIC", now at version v4 (execution time 00:00.018s)
2023.10.05 22:10:25 INFO  time: initialize in 0.61s
2023.10.05 22:10:26 WARN  Build server is not auto-connectable.
2023.10.05 22:10:26 WARN  no build tool detected in workspace 'C:\Users\moham\OneDrive\Bureau\symphony\Atelier4'. The most common cause for this problem is that the editor was opened in the wrong working directory, for example if you use sbt then the workspace directory should contain build.sbt. 
oct. 05, 2023 10:23:35 PM org.eclipse.lsp4j.jsonrpc.services.GenericEndpoint notify
INFOS: Unsupported notification method: $/setTrace
2023.10.05 22:43:20 INFO  Shutting down server
2023.10.05 22:43:20 INFO  shutting down Metals
2023.10.05 22:43:20 INFO  Exiting server
